[debug] [2019-11-20T15:48:03.157Z] ----------------------------------------------------------------------
[debug] [2019-11-20T15:48:03.160Z] Command:       C:\Program Files\nodejs\node.exe C:\Users\rajat\AppData\Roaming\npm\node_modules\firebase-tools\lib\bin\firebase.js init
[debug] [2019-11-20T15:48:03.161Z] CLI Version:   7.8.0
[debug] [2019-11-20T15:48:03.161Z] Platform:      win32
[debug] [2019-11-20T15:48:03.161Z] Node Version:  v12.0.0
[debug] [2019-11-20T15:48:03.162Z] Time:          Wed Nov 20 2019 21:18:03 GMT+0530 (India Standard Time)
[debug] [2019-11-20T15:48:03.162Z] ----------------------------------------------------------------------
[debug] [2019-11-20T15:48:03.162Z] 
[debug] [2019-11-20T15:48:03.173Z] > command requires scopes: ["email","openid","https://www.googleapis.com/auth/cloudplatformprojects.readonly","https://www.googleapis.com/auth/firebase","https://www.googleapis.com/auth/cloud-platform"]
[debug] [2019-11-20T15:48:03.174Z] > authorizing via signed-in user
[info] 
     ######## #### ########  ######## ########     ###     ######  ########
     ##        ##  ##     ## ##       ##     ##  ##   ##  ##       ##
     ######    ##  ########  ######   ########  #########  ######  ######
     ##        ##  ##    ##  ##       ##     ## ##     ##       ## ##
     ##       #### ##     ## ######## ########  ##     ##  ######  ########

You're about to initialize a Firebase project in this directory:

  E:\RAJAT\Programming\Python Bot\python-bot

[info] 
=== Project Setup
[info] 
[info] First, let's associate this project directory with a Firebase project.
[info] You can create multiple project aliases by running firebase use --add, 
[info] but for now we'll just set up a default project.
[info] 
[debug] [2019-11-20T15:48:25.474Z] > refreshing access token with scopes: ["email","https://www.googleapis.com/auth/cloud-platform","https://www.googleapis.com/auth/cloudplatformprojects.readonly","https://www.googleapis.com/auth/firebase","openid"]
[debug] [2019-11-20T15:48:25.474Z] >>> HTTP REQUEST POST https://www.googleapis.com/oauth2/v3/token  
 <request body omitted>
[debug] [2019-11-20T15:48:25.912Z] <<< HTTP RESPONSE 200
[debug] [2019-11-20T15:48:25.996Z] >>> HTTP REQUEST GET https://firebase.googleapis.com/v1beta1/projects?pageSize=100  
 
[debug] [2019-11-20T15:48:26.660Z] <<< HTTP RESPONSE 200
[info] i  Using project discord-bot-ba244 (discord bot)
[info] 
=== Database Setup
[info] 
[info] Firebase Realtime Database Rules allow you to define how your data should be
[info] structured and when your data can be read from and written to.
[info] 
[debug] [2019-11-20T15:48:35.390Z] >>> HTTP REQUEST GET https://discord-bot-ba244.firebaseio.com/.settings/rules.json  
 
[debug] [2019-11-20T15:48:36.921Z] <<< HTTP RESPONSE 200
[debug] [2019-11-20T15:48:37.148Z] Error: EISDIR: illegal operation on a directory, open 'E:\RAJAT\Programming\Python Bot\python-bot'
    at Object.openSync (fs.js:454:3)
    at Object.writeFileSync (fs.js:1247:35)
    at Config.writeProjectFile (C:\Users\rajat\AppData\Roaming\npm\node_modules\firebase-tools\lib\config.js:179:8)
    at C:\Users\rajat\AppData\Roaming\npm\node_modules\firebase-tools\lib\init\features\database.js:25:23
    at processTicksAndRejections (internal/process/task_queues.js:88:5)
[error] 
[error] Error: An unexpected error has occurred.
[debug] [2019-11-20T15:48:43.237Z] ----------------------------------------------------------------------
[debug] [2019-11-20T15:48:43.239Z] Command:       C:\Program Files\nodejs\node.exe C:\Users\rajat\AppData\Roaming\npm\node_modules\firebase-tools\lib\bin\firebase.js init
[debug] [2019-11-20T15:48:43.240Z] CLI Version:   7.8.0
[debug] [2019-11-20T15:48:43.240Z] Platform:      win32
[debug] [2019-11-20T15:48:43.240Z] Node Version:  v12.0.0
[debug] [2019-11-20T15:48:43.241Z] Time:          Wed Nov 20 2019 21:18:43 GMT+0530 (India Standard Time)
[debug] [2019-11-20T15:48:43.241Z] ----------------------------------------------------------------------
[debug] [2019-11-20T15:48:43.241Z] 
[debug] [2019-11-20T15:48:43.250Z] > command requires scopes: ["email","openid","https://www.googleapis.com/auth/cloudplatformprojects.readonly","https://www.googleapis.com/auth/firebase","https://www.googleapis.com/auth/cloud-platform"]
[debug] [2019-11-20T15:48:43.251Z] > authorizing via signed-in user
[info] 
     ######## #### ########  ######## ########     ###     ######  ########
     ##        ##  ##     ## ##       ##     ##  ##   ##  ##       ##
     ######    ##  ########  ######   ########  #########  ######  ######
     ##        ##  ##    ##  ##       ##     ## ##     ##       ## ##
     ##       #### ##     ## ######## ########  ##     ##  ######  ########

You're about to initialize a Firebase project in this directory:

  E:\RAJAT\Programming\Python Bot\python-bot

[info] 
=== Project Setup
[info] 
[info] First, let's associate this project directory with a Firebase project.
[info] You can create multiple project aliases by running firebase use --add, 
[info] but for now we'll just set up a default project.
[info] 
[debug] [2019-11-20T15:48:54.553Z] >>> HTTP REQUEST GET https://firebase.googleapis.com/v1beta1/projects?pageSize=100  
 
[debug] [2019-11-20T15:48:55.333Z] <<< HTTP RESPONSE 200
[info] i  Using project discord-bot-ba244 (discord bot)
[info] 
=== Database Setup
[info] 
[info] Firebase Realtime Database Rules allow you to define how your data should be
[info] structured and when your data can be read from and written to.
[info] 
[debug] [2019-11-20T15:48:57.311Z] >>> HTTP REQUEST GET https://discord-bot-ba244.firebaseio.com/.settings/rules.json  
 
[debug] [2019-11-20T15:49:02.097Z] Error: Client network socket disconnected before secure TLS connection was established
    at TLSSocket.onConnectEnd (_tls_wrap.js:1299:19)
    at Object.onceWrapper (events.js:284:20)
    at TLSSocket.emit (events.js:201:15)
    at TLSSocket.EventEmitter.emit (domain.js:471:20)
    at endReadableNT (_stream_readable.js:1130:12)
    at processTicksAndRejections (internal/process/task_queues.js:83:17)
[error] 
[error] Error: Server Error. Client network socket disconnected before secure TLS connection was established
